This is pdfTeX, Version 3.1415926-2.5-1.40.14 (TeX Live 2013/Debian) (format=pdflatex 2015.8.21)  1 MAR 2016 15:06
entering extended mode
 restricted \write18 enabled.
 Source specials enabled.
 %&-line parsing enabled.
**MahniShayganfar-IJSR2016.tex
(./MahniShayganfar-IJSR2016.tex
LaTeX2e <2011/06/27>
Babel <3.9h> and hyphenation patterns for 78 languages loaded.

LaTeX Warning: File `example.eps' already exists on the system.
               Not generating it from this source.

(/usr/share/texlive/texmf-dist/tex/latex/base/fix-cm.sty
Package: fix-cm 2006/09/13 v1.1m fixes to LaTeX

(/usr/share/texlive/texmf-dist/tex/latex/base/ts1enc.def
File: ts1enc.def 2001/06/05 v3.0e (jk/car/fm) Standard LaTeX file
)) (./svjour3.cls
Document Class: svjour3 2007/05/08 v3.2 
LaTeX document class for Springer journals
Class Springer-SVJour3 Info: extra/valid Springer sub-package (-> *.clo) 
(Springer-SVJour3)           not found in option list of \documentclass
(Springer-SVJour3)           - autoactivating "global" style.
(./svglov3.clo
File: svglov3.clo 2009/12/18 v3.2 style option for standardised journals

SVJour Class option: svglov3.clo for standardised journals
)
LaTeX Font Info:    Redeclaring math symbol \Gamma on input line 147.
LaTeX Font Info:    Redeclaring math symbol \Delta on input line 148.
LaTeX Font Info:    Redeclaring math symbol \Theta on input line 149.
LaTeX Font Info:    Redeclaring math symbol \Lambda on input line 150.
LaTeX Font Info:    Redeclaring math symbol \Xi on input line 151.
LaTeX Font Info:    Redeclaring math symbol \Pi on input line 152.
LaTeX Font Info:    Redeclaring math symbol \Sigma on input line 153.
LaTeX Font Info:    Redeclaring math symbol \Upsilon on input line 154.
LaTeX Font Info:    Redeclaring math symbol \Phi on input line 155.
LaTeX Font Info:    Redeclaring math symbol \Psi on input line 156.
LaTeX Font Info:    Redeclaring math symbol \Omega on input line 157.
\logodepth=\dimen102
\headerboxheight=\dimen103
\betweenumberspace=\dimen104
\aftertext=\dimen105
\headlineindent=\dimen106
\c@inst=\count79
\c@auth=\count80
\instindent=\dimen107
\authrun=\box26
\authorrunning=\toks14
\titrun=\box27
\titlerunning=\toks15
\combirun=\box28
\c@lastpage=\count81
\rubricwidth=\dimen108
\c@section=\count82
\c@subsection=\count83
\c@subsubsection=\count84
\c@paragraph=\count85
\c@subparagraph=\count86
\spthmsep=\dimen109
\c@theorem=\count87
\c@case=\count88
\c@conjecture=\count89
\c@corollary=\count90
\c@definition=\count91
\c@example=\count92
\c@exercise=\count93
\c@lemma=\count94
\c@note=\count95
\c@problem=\count96
\c@property=\count97
\c@proposition=\count98
\c@question=\count99
\c@solution=\count100
\c@remark=\count101
\c@figure=\count102
\c@table=\count103
\abovecaptionskip=\skip41
\belowcaptionskip=\skip42
\figcapgap=\dimen110
\tabcapgap=\dimen111
\figgap=\dimen112
\bibindent=\dimen113
\@tempcntc=\count104
) (/usr/share/texlive/texmf-dist/tex/latex/graphics/graphicx.sty
Package: graphicx 1999/02/16 v1.0f Enhanced LaTeX Graphics (DPC,SPQR)

(/usr/share/texlive/texmf-dist/tex/latex/graphics/keyval.sty
Package: keyval 1999/03/16 v1.13 key=value parser (DPC)
\KV@toks@=\toks16
)
(/usr/share/texlive/texmf-dist/tex/latex/graphics/graphics.sty
Package: graphics 2009/02/05 v1.0o Standard LaTeX Graphics (DPC,SPQR)

(/usr/share/texlive/texmf-dist/tex/latex/graphics/trig.sty
Package: trig 1999/03/16 v1.09 sin cos tan (DPC)
)
(/usr/share/texlive/texmf-dist/tex/latex/latexconfig/graphics.cfg
File: graphics.cfg 2010/04/23 v1.9 graphics configuration of TeX Live
)
Package graphics Info: Driver file: pdftex.def on input line 91.

(/usr/share/texlive/texmf-dist/tex/latex/pdftex-def/pdftex.def
File: pdftex.def 2011/05/27 v0.06d Graphics/color for pdfTeX

(/usr/share/texlive/texmf-dist/tex/generic/oberdiek/infwarerr.sty
Package: infwarerr 2010/04/08 v1.3 Providing info/warning/error messages (HO)
)
(/usr/share/texlive/texmf-dist/tex/generic/oberdiek/ltxcmds.sty
Package: ltxcmds 2011/11/09 v1.22 LaTeX kernel commands for general use (HO)
)
\Gread@gobject=\count105
))
\Gin@req@height=\dimen114
\Gin@req@width=\dimen115
)
(./varwidth.sty
Package: varwidth 2009/03/30 ver 0.92;  Variable-width minipages
\@vwid@box=\box29
\sift@deathcycles=\count106
\@vwid@loff=\dimen116
\@vwid@roff=\dimen117
) (/usr/share/texlive/texmf-dist/tex/latex/setspace/setspace.sty
Package: setspace 2011/12/19 v6.7a set line spacing
) (./perpage.sty
Package: perpage 2014/10/25 2.0 Reset/sort counters per page
\c@abspage=\count107
) (/usr/share/texlive/texmf-dist/tex/latex/tools/enumerate.sty
Package: enumerate 1999/03/05 v3.00 enumerate extensions (DPC)
\@enLab=\toks17
)
\c@pp@a@footnote=\count108
(/usr/share/texlive/texmf-dist/tex/generic/oberdiek/atbegshi.sty
Package: atbegshi 2011/10/05 v1.16 At begin shipout hook (HO)

(/usr/share/texlive/texmf-dist/tex/generic/oberdiek/ifpdf.sty
Package: ifpdf 2011/01/30 v2.3 Provides the ifpdf switch (HO)
Package ifpdf Info: pdfTeX in PDF mode is detected.
))
(/usr/share/texlive/texmf-dist/tex/latex/oberdiek/picture.sty
Package: picture 2009/10/11 v1.3 Dimens for picture macros (HO)
Package picture Info: Calculation method: etex.
)
(./MahniShayganfar-IJSR2016.aux

LaTeX Warning: Label `sec:tom-mech' multiply defined.

)
\openout1 = `MahniShayganfar-IJSR2016.aux'.

LaTeX Font Info:    Checking defaults for OML/cmm/m/it on input line 78.
LaTeX Font Info:    ... okay on input line 78.
LaTeX Font Info:    Checking defaults for T1/cmr/m/n on input line 78.
LaTeX Font Info:    ... okay on input line 78.
LaTeX Font Info:    Checking defaults for OT1/cmr/m/n on input line 78.
LaTeX Font Info:    ... okay on input line 78.
LaTeX Font Info:    Checking defaults for OMS/cmsy/m/n on input line 78.
LaTeX Font Info:    ... okay on input line 78.
LaTeX Font Info:    Checking defaults for OMX/cmex/m/n on input line 78.
LaTeX Font Info:    ... okay on input line 78.
LaTeX Font Info:    Checking defaults for U/cmr/m/n on input line 78.
LaTeX Font Info:    ... okay on input line 78.
LaTeX Font Info:    Checking defaults for TS1/cmr/m/n on input line 78.
LaTeX Font Info:    ... okay on input line 78.

Unknown journal: specify \journalname{<name of your journal>} in preambel

(/usr/share/texlive/texmf-dist/tex/context/base/supp-pdf.mkii
[Loading MPS to PDF converter (version 2006.09.02).]
\scratchcounter=\count109
\scratchdimen=\dimen118
\scratchbox=\box30
\nofMPsegments=\count110
\nofMParguments=\count111
\everyMPshowfont=\toks18
\MPscratchCnt=\count112
\MPscratchDim=\dimen119
\MPnumerator=\count113
\makeMPintoPDFobject=\count114
\everyMPtoPDFconversion=\toks19
) (/usr/share/texlive/texmf-dist/tex/generic/oberdiek/pdftexcmds.sty
Package: pdftexcmds 2011/11/29 v0.20 Utility functions of pdfTeX for LuaTeX (HO
)

(/usr/share/texlive/texmf-dist/tex/generic/oberdiek/ifluatex.sty
Package: ifluatex 2010/03/01 v1.3 Provides the ifluatex switch (HO)
Package ifluatex Info: LuaTeX not detected.
)
Package pdftexcmds Info: LuaTeX not detected.
Package pdftexcmds Info: \pdf@primitive is available.
Package pdftexcmds Info: \pdf@ifprimitive is available.
Package pdftexcmds Info: \pdfdraftmode found.
)
(/usr/share/texlive/texmf-dist/tex/latex/oberdiek/epstopdf-base.sty
Package: epstopdf-base 2010/02/09 v2.5 Base part for package epstopdf

(/usr/share/texlive/texmf-dist/tex/latex/oberdiek/grfext.sty
Package: grfext 2010/08/19 v1.1 Manage graphics extensions (HO)

(/usr/share/texlive/texmf-dist/tex/generic/oberdiek/kvdefinekeys.sty
Package: kvdefinekeys 2011/04/07 v1.3 Define keys (HO)
))
(/usr/share/texlive/texmf-dist/tex/latex/oberdiek/kvoptions.sty
Package: kvoptions 2011/06/30 v3.11 Key value format for package options (HO)

(/usr/share/texlive/texmf-dist/tex/generic/oberdiek/kvsetkeys.sty
Package: kvsetkeys 2012/04/25 v1.16 Key value parser (HO)

(/usr/share/texlive/texmf-dist/tex/generic/oberdiek/etexcmds.sty
Package: etexcmds 2011/02/16 v1.5 Avoid name clashes with e-TeX commands (HO)
Package etexcmds Info: Could not find \expanded.
(etexcmds)             That can mean that you are not using pdfTeX 1.50 or
(etexcmds)             that some package has redefined \expanded.
(etexcmds)             In the latter case, load this package earlier.
)))
Package grfext Info: Graphics extension search list:
(grfext)             [.png,.pdf,.jpg,.mps,.jpeg,.jbig2,.jb2,.PNG,.PDF,.JPG,.JPE
G,.JBIG2,.JB2,.eps]
(grfext)             \AppendGraphicsExtensions on input line 452.

(/usr/share/texlive/texmf-dist/tex/latex/latexconfig/epstopdf-sys.cfg
File: epstopdf-sys.cfg 2010/07/13 v1.3 Configuration of (r)epstopdf for TeX Liv
e
))
\AtBeginShipoutBox=\box31

SVJour3 warning: Missing \journalname
LaTeX Font Info:    External font `cmex10' loaded for size
(Font)              <7> on input line 110.
LaTeX Font Info:    External font `cmex10' loaded for size
(Font)              <5> on input line 110.
LaTeX Font Info:    External font `cmex10' loaded for size
(Font)              <8> on input line 110.
LaTeX Font Info:    External font `cmex10' loaded for size
(Font)              <6> on input line 110.
[1{/var/lib/texmf/fonts/map/pdftex/updmap/pdftex.map}] [2] [3]
Underfull \hbox (badness 10000) in paragraph at lines 279--282

 []


Underfull \hbox (badness 10000) in paragraph at lines 287--288

 []


Underfull \hbox (badness 10000) in paragraph at lines 289--291

 []


Underfull \hbox (badness 10000) in paragraph at lines 292--296

 []

[4]
Underfull \hbox (badness 10000) in paragraph at lines 341--344

 []


Underfull \hbox (badness 10000) in paragraph at lines 348--349

 []


Underfull \hbox (badness 10000) in paragraph at lines 350--352

 []


Underfull \hbox (badness 10000) in paragraph at lines 353--355

 []


Underfull \hbox (badness 10000) in paragraph at lines 356--358

 []

[5]
Underfull \hbox (badness 10000) in paragraph at lines 359--361

 []


Underfull \hbox (badness 10000) in paragraph at lines 362--364

 []


Underfull \hbox (badness 10000) in paragraph at lines 371--372

 []

[6]
Underfull \hbox (badness 10000) in paragraph at lines 436--439

 []


Underfull \hbox (badness 10000) in paragraph at lines 442--443

 []


Underfull \hbox (badness 10000) in paragraph at lines 444--446

 []


Underfull \hbox (badness 10000) in paragraph at lines 447--449

 []

[7]
Underfull \hbox (badness 10000) in paragraph at lines 495--498

 []


Underfull \hbox (badness 10000) in paragraph at lines 502--503

 []


Underfull \hbox (badness 10000) in paragraph at lines 504--506

 []


Underfull \hbox (badness 10000) in paragraph at lines 507--510

 []


Underfull \hbox (badness 10000) in paragraph at lines 511--513

 []


Underfull \hbox (badness 10000) in paragraph at lines 514--517

 []


Underfull \hbox (badness 10000) in paragraph at lines 518--520

 []


Underfull \hbox (badness 10000) in paragraph at lines 525--526

 []

[8]
Underfull \hbox (badness 10000) in paragraph at lines 527--529

 []


Underfull \hbox (badness 10000) in paragraph at lines 532--533

 []

[9] <figure/theory-general-croped.pdf, id=39, 430.60875pt x 294.09875pt>
File: figure/theory-general-croped.pdf Graphic file (type pdf)

<use figure/theory-general-croped.pdf>
Package pdftex.def Info: figure/theory-general-croped.pdf used on input line 63
0.
(pdftex.def)             Requested size: 335.87346pt x 229.39609pt.
 [10] [11 <./figure/theory-general-croped.pdf>] [12] [13] [14] [15]
Underfull \hbox (badness 10000) in paragraph at lines 874--876

 []


Underfull \hbox (badness 10000) in paragraph at lines 877--881

 []


Underfull \hbox (badness 10000) in paragraph at lines 877--881

 []


Underfull \hbox (badness 10000) in paragraph at lines 883--885

 []


Underfull \hbox (badness 10000) in paragraph at lines 903--904

 []

[16]
Underfull \hbox (badness 10000) in paragraph at lines 921--926

 []


Underfull \hbox (badness 10000) in paragraph at lines 943--945

 []


Underfull \hbox (badness 10000) in paragraph at lines 946--954

 []


Underfull \hbox (badness 10000) in paragraph at lines 964--977

 []

[17]
Underfull \hbox (badness 10000) in paragraph at lines 978--992

 []


Underfull \hbox (badness 10000) in paragraph at lines 993--997

 []


Underfull \hbox (badness 10000) in paragraph at lines 998--1000

 []


Underfull \hbox (badness 10000) in paragraph at lines 1001--1004

 []


Underfull \hbox (badness 10000) in paragraph at lines 1022--1026

 []

[18]
Underfull \hbox (badness 10000) in paragraph at lines 1027--1031

 []


Underfull \hbox (badness 10000) in paragraph at lines 1032--1042

 []


Underfull \hbox (badness 10000) in paragraph at lines 1056--1059

 []


Underfull \hbox (badness 10000) in paragraph at lines 1060--1067

 []


Underfull \hbox (badness 10000) in paragraph at lines 1068--1073

 []


Underfull \hbox (badness 10000) in paragraph at lines 1074--1078

 []

[19]
Underfull \hbox (badness 10000) in paragraph at lines 1086--1090

 []


Underfull \hbox (badness 10000) in paragraph at lines 1091--1095

 []


Underfull \hbox (badness 10000) in paragraph at lines 1091--1095

 []


Underfull \hbox (badness 10000) in paragraph at lines 1096--1098

 []


Underfull \hbox (badness 10000) in paragraph at lines 1108--1112

 []


Underfull \hbox (badness 10000) in paragraph at lines 1113--1117

 []


Underfull \hbox (badness 10000) in paragraph at lines 1118--1123

 []


Underfull \hbox (badness 10000) in paragraph at lines 1138--1147

 []

[20]
Underfull \hbox (badness 10000) in paragraph at lines 1148--1161

 []


Underfull \hbox (badness 10000) in paragraph at lines 1162--1168

 []


Underfull \hbox (badness 10000) in paragraph at lines 1169--1173

 []


Underfull \hbox (badness 10000) in paragraph at lines 1174--1177

 []


Underfull \hbox (badness 10000) in paragraph at lines 1178--1181

 []


Underfull \hbox (badness 10000) in paragraph at lines 1182--1187

 []

[21]
Underfull \hbox (badness 10000) in paragraph at lines 1188--1191

 []


Underfull \hbox (badness 10000) in paragraph at lines 1192--1197

 []


Underfull \hbox (badness 10000) in paragraph at lines 1198--1201

 []


Underfull \hbox (badness 10000) in paragraph at lines 1212--1215

 []


Underfull \hbox (badness 10000) in paragraph at lines 1216--1221

 []


Underfull \hbox (badness 10000) in paragraph at lines 1222--1228

 []


Underfull \hbox (badness 10000) in paragraph at lines 1229--1233

 []


Underfull \hbox (badness 10000) in paragraph at lines 1234--1237

 []


Underfull \hbox (badness 10000) in paragraph at lines 1238--1241

 []


Underfull \hbox (badness 10000) in paragraph at lines 1242--1245

 []

[22]
Underfull \hbox (badness 10000) in paragraph at lines 1246--1253

 []


Underfull \hbox (badness 10000) in paragraph at lines 1254--1256

 []


Underfull \hbox (badness 10000) in paragraph at lines 1257--1261

 []


Underfull \hbox (badness 10000) in paragraph at lines 1288--1293

 []


Underfull \hbox (badness 10000) in paragraph at lines 1294--1298

 []

[23]
Underfull \hbox (badness 10000) in paragraph at lines 1299--1304

 []


Underfull \hbox (badness 10000) in paragraph at lines 1305--1309

 []


Underfull \hbox (badness 10000) in paragraph at lines 1310--1323

 []


Underfull \hbox (badness 10000) in paragraph at lines 1324--1328

 []


Underfull \hbox (badness 10000) in paragraph at lines 1329--1339

 []


Underfull \hbox (badness 10000) in paragraph at lines 1340--1346

 []

[24]
Underfull \hbox (badness 10000) in paragraph at lines 1347--1350

 []


Underfull \hbox (badness 10000) in paragraph at lines 1351--1355

 []


Underfull \hbox (badness 10000) in paragraph at lines 1356--1359

 []


Underfull \hbox (badness 10000) in paragraph at lines 1360--1369

 []


Underfull \hbox (badness 10000) in paragraph at lines 1378--1378

 []


Underfull \hbox (badness 10000) in paragraph at lines 1378--1378

 []


Underfull \hbox (badness 10000) detected at line 1378

 []


Underfull \hbox (badness 10000) detected at line 1378

 []


Underfull \hbox (badness 10000) in paragraph at lines 1370--1379

 []


Underfull \hbox (badness 10000) in paragraph at lines 1380--1383

 []

[25]
Underfull \hbox (badness 10000) in paragraph at lines 1449--1466

 []

[26]
Underfull \hbox (badness 10000) in paragraph at lines 1483--1491

 []

[27] (./MahniShayganfar-IJSR2016.bbl
! Misplaced alignment tab character &.
l.12 \newblock Cassell &
                         Co., 1960.
I can't figure out why you would want to use a tab mark
here. If you just want an ampersand, the remedy is
simple: Just type `I\&' now. But if some right brace
up above has ended a previous alignment prematurely,
you're probably due for more error messages, and you
might try typing `S' now just to see what is salvageable.

[28]
Missing character: There is no â in font cmti8!
Missing character: There is no € in font cmti8!
Missing character: There is no ™ in font cmti8!
 [29] [30]
Missing character: There is no â in font cmti8!
Missing character: There is no € in font cmti8!
Missing character: There is no ™ in font cmti8!
) [31] (./MahniShayganfar-IJSR2016.aux)

LaTeX Warning: There were multiply-defined labels.

 ) 
Here is how much of TeX's memory you used:
 2558 strings out of 493304
 39551 string characters out of 6139871
 100279 words of memory out of 5000000
 5988 multiletter control sequences out of 15000+600000
 10550 words of font info for 36 fonts, out of 8000000 for 9000
 957 hyphenation exceptions out of 8191
 38i,13n,23p,274b,285s stack positions out of 5000i,500n,10000p,200000b,80000s
</usr/share/texlive/texmf-dist/fonts/type1/public/amsfonts/cm/cmbsy10.pfb></u
sr/share/texlive/texmf-dist/fonts/type1/public/amsfonts/cm/cmbx10.pfb></usr/sha
re/texlive/texmf-dist/fonts/type1/public/amsfonts/cm/cmbx12.pfb></usr/share/tex
live/texmf-dist/fonts/type1/public/amsfonts/cm/cmbx8.pfb></usr/share/texlive/te
xmf-dist/fonts/type1/public/amsfonts/cm/cmbxti10.pfb></usr/share/texlive/texmf-
dist/fonts/type1/public/amsfonts/cm/cmmi10.pfb></usr/share/texlive/texmf-dist/f
onts/type1/public/amsfonts/cm/cmmi8.pfb></usr/share/texlive/texmf-dist/fonts/ty
pe1/public/amsfonts/cm/cmr10.pfb></usr/share/texlive/texmf-dist/fonts/type1/pub
lic/amsfonts/cm/cmr8.pfb></usr/share/texlive/texmf-dist/fonts/type1/public/amsf
onts/cm/cmsy10.pfb></usr/share/texlive/texmf-dist/fonts/type1/public/amsfonts/c
m/cmsy8.pfb></usr/share/texlive/texmf-dist/fonts/type1/public/amsfonts/cm/cmti1
0.pfb></usr/share/texlive/texmf-dist/fonts/type1/public/amsfonts/cm/cmti8.pfb>
Output written on MahniShayganfar-IJSR2016.pdf (31 pages, 280657 bytes).
PDF statistics:
 166 PDF objects out of 1000 (max. 8388607)
 114 compressed objects within 2 object streams
 0 named destinations out of 1000 (max. 500000)
 6 words of extra memory for PDF output out of 10000 (max. 10000000)

